 WARN [2014-11-27 18:09:47,793] (IntroEditorInput.java:loadDocument:130) - org.xml.sax.SAXParseException; lineNumber: 149; columnNumber: 32; The entity name must immediately follow the '&' in the entity reference.
 WARN [2014-11-27 18:10:22,369] (ProjectAddEvaluator.java:runInWorkspace:109) - No credentials found for project 'AtTask Dev' - removing online nature
 WARN [2014-11-27 18:10:23,009] (BaseBuilder.java:checkSkipBuilder:76) - Skipping build - user credentials not found
 WARN [2014-11-27 18:10:29,132] (Utils.java:loadDocument:823) - Unable to load document: D:\SVN Repo\Kyazma\AtTaskDev\SourceCode\.metadata\.plugins\org.eclipse.core.resources\.projects\AtTask Dev\com.salesforce.ide.core\packageCache.xml (The system cannot find the file specified)
 WARN [2014-11-27 18:10:33,693] (Utils.java:loadDocument:823) - Unable to load document: D:\SVN Repo\Kyazma\AtTaskDev\SourceCode\.metadata\.plugins\org.eclipse.core.resources\.projects\AtTask Dev\com.salesforce.ide.core\packageCache.xml (The system cannot find the file specified)
 WARN [2014-11-27 18:10:36,559] (BaseRetryAspect.java:isLoginExceptionRetryable:95) - Login evaluation deemed exception not retry-able:
 LoginFault: Invalid username, password, security token; or user locked out.
 WARN [2014-11-27 18:10:36,559] (BaseRetryAspect.java:isConnectionExceptionRetryable:131) - Connection evaluation deemed exception not retry-able:
 LoginFault: Invalid username, password, security token; or user locked out.
 WARN [2014-11-27 18:10:36,569] (PackageManifestController.java:loadAll:486) - Unable to refresh file metadata: Invalid username, password, security token; or user locked out.
ERROR [2014-11-27 18:10:38,099] (ProjectProjectContentComposite.java:widgetDefaultSelected:296) - Unable to open custom component selection dialog
java.lang.NullPointerException
	at com.salesforce.ide.core.internal.utils.PackageManifestDocumentUtils.getPackageNode(PackageManifestDocumentUtils.java:142)
	at com.salesforce.ide.ui.packagemanifest.PackageManifestController.getComponentTypesFromCache(PackageManifestController.java:996)
	at com.salesforce.ide.ui.packagemanifest.PackageManifestController.createModel(PackageManifestController.java:821)
	at com.salesforce.ide.ui.packagemanifest.PackageManifestController.updateManifest(PackageManifestController.java:171)
	at com.salesforce.ide.ui.packagemanifest.PackageManifestController.getEnabledCompTypeTreeNodes(PackageManifestController.java:430)
	at com.salesforce.ide.ui.packagemanifest.PackageManifestTree$ManifestContentProvider.getElements(PackageManifestTree.java:688)
	at org.eclipse.jface.viewers.StructuredViewer.getRawChildren(StructuredViewer.java:1010)
	at org.eclipse.jface.viewers.ColumnViewer.getRawChildren(ColumnViewer.java:703)
	at org.eclipse.jface.viewers.AbstractTreeViewer.getRawChildren(AbstractTreeViewer.java:1336)
	at org.eclipse.jface.viewers.TreeViewer.getRawChildren(TreeViewer.java:391)
	at org.eclipse.jface.viewers.StructuredViewer.getFilteredChildren(StructuredViewer.java:917)
	at org.eclipse.jface.viewers.AbstractTreeViewer.getSortedChildren(AbstractTreeViewer.java:605)
	at org.eclipse.jface.viewers.AbstractTreeViewer$1.run(AbstractTreeViewer.java:805)
	at org.eclipse.swt.custom.BusyIndicator.showWhile(BusyIndicator.java:70)
	at org.eclipse.jface.viewers.AbstractTreeViewer.createChildren(AbstractTreeViewer.java:782)
	at org.eclipse.jface.viewers.TreeViewer.createChildren(TreeViewer.java:644)
	at org.eclipse.jface.viewers.AbstractTreeViewer.createChildren(AbstractTreeViewer.java:753)
	at org.eclipse.jface.viewers.AbstractTreeViewer.internalInitializeTree(AbstractTreeViewer.java:1533)
	at org.eclipse.jface.viewers.TreeViewer.internalInitializeTree(TreeViewer.java:833)
	at org.eclipse.jface.viewers.AbstractTreeViewer$5.run(AbstractTreeViewer.java:1517)
	at org.eclipse.jface.viewers.StructuredViewer.preservingSelection(StructuredViewer.java:1443)
	at org.eclipse.jface.viewers.TreeViewer.preservingSelection(TreeViewer.java:403)
	at org.eclipse.jface.viewers.StructuredViewer.preservingSelection(StructuredViewer.java:1404)
	at org.eclipse.jface.viewers.CheckboxTreeViewer.preservingSelection(CheckboxTreeViewer.java:416)
	at com.salesforce.ide.ui.packagemanifest.PackageManifestTree$PackageManifestTreeViewer.preservingSelection(PackageManifestTree.java:418)
	at org.eclipse.jface.viewers.AbstractTreeViewer.inputChanged(AbstractTreeViewer.java:1510)
	at org.eclipse.jface.viewers.ContentViewer.setInput(ContentViewer.java:280)
	at org.eclipse.jface.viewers.StructuredViewer.setInput(StructuredViewer.java:1690)
	at com.salesforce.ide.ui.packagemanifest.PackageManifestTree.updateTree(PackageManifestTree.java:1684)
	at com.salesforce.ide.ui.wizards.project.ProjectCustomComponentsComposite.initialize(ProjectCustomComponentsComposite.java:107)
	at com.salesforce.ide.ui.wizards.project.ProjectCustomComponentsComposite.<init>(ProjectCustomComponentsComposite.java:64)
	at com.salesforce.ide.ui.wizards.project.ProjectCustomComponentsDialog.createDialogArea(ProjectCustomComponentsDialog.java:54)
	at org.eclipse.jface.dialogs.Dialog.createContents(Dialog.java:760)
	at org.eclipse.jface.window.Window.create(Window.java:431)
	at org.eclipse.jface.dialogs.Dialog.create(Dialog.java:1089)
	at com.salesforce.ide.ui.wizards.project.ProjectCustomComponentsDialog.create(ProjectCustomComponentsDialog.java:153)
	at org.eclipse.jface.window.Window.open(Window.java:790)
	at com.salesforce.ide.ui.wizards.project.ProjectProjectContentComposite$9.widgetDefaultSelected(ProjectProjectContentComposite.java:294)
	at com.salesforce.ide.ui.wizards.project.ProjectProjectContentComposite$9.widgetSelected(ProjectProjectContentComposite.java:308)
	at org.eclipse.swt.widgets.TypedListener.handleEvent(TypedListener.java:240)
	at org.eclipse.swt.widgets.EventTable.sendEvent(EventTable.java:84)
	at org.eclipse.swt.widgets.Widget.sendEvent(Widget.java:1053)
	at org.eclipse.swt.widgets.Display.runDeferredEvents(Display.java:4165)
	at org.eclipse.swt.widgets.Display.readAndDispatch(Display.java:3754)
	at org.eclipse.jface.window.Window.runEventLoop(Window.java:825)
	at org.eclipse.jface.window.Window.open(Window.java:801)
	at com.salesforce.ide.ui.actions.OpenProjectContentPropertiesAction.execute(OpenProjectContentPropertiesAction.java:29)
	at com.salesforce.ide.ui.actions.BaseAction.run(BaseAction.java:197)
	at org.eclipse.ui.internal.PluginAction.runWithEvent(PluginAction.java:251)
	at org.eclipse.jface.action.ActionContributionItem.handleWidgetSelection(ActionContributionItem.java:584)
	at org.eclipse.jface.action.ActionContributionItem.access$2(ActionContributionItem.java:501)
	at org.eclipse.jface.action.ActionContributionItem$5.handleEvent(ActionContributionItem.java:411)
	at org.eclipse.swt.widgets.EventTable.sendEvent(EventTable.java:84)
	at org.eclipse.swt.widgets.Widget.sendEvent(Widget.java:1053)
	at org.eclipse.swt.widgets.Display.runDeferredEvents(Display.java:4165)
	at org.eclipse.swt.widgets.Display.readAndDispatch(Display.java:3754)
	at org.eclipse.ui.internal.Workbench.runEventLoop(Workbench.java:2696)
	at org.eclipse.ui.internal.Workbench.runUI(Workbench.java:2660)
	at org.eclipse.ui.internal.Workbench.access$4(Workbench.java:2494)
	at org.eclipse.ui.internal.Workbench$7.run(Workbench.java:674)
	at org.eclipse.core.databinding.observable.Realm.runWithDefault(Realm.java:332)
	at org.eclipse.ui.internal.Workbench.createAndRunWorkbench(Workbench.java:667)
	at org.eclipse.ui.PlatformUI.createAndRunWorkbench(PlatformUI.java:149)
	at org.eclipse.ui.internal.ide.application.IDEApplication.start(IDEApplication.java:123)
	at org.eclipse.equinox.internal.app.EclipseAppHandle.run(EclipseAppHandle.java:196)
	at org.eclipse.core.runtime.internal.adaptor.EclipseAppLauncher.runApplication(EclipseAppLauncher.java:110)
	at org.eclipse.core.runtime.internal.adaptor.EclipseAppLauncher.start(EclipseAppLauncher.java:79)
	at org.eclipse.core.runtime.adaptor.EclipseStarter.run(EclipseStarter.java:344)
	at org.eclipse.core.runtime.adaptor.EclipseStarter.run(EclipseStarter.java:179)
	at sun.reflect.NativeMethodAccessorImpl.invoke0(Native Method)
	at sun.reflect.NativeMethodAccessorImpl.invoke(Unknown Source)
	at sun.reflect.DelegatingMethodAccessorImpl.invoke(Unknown Source)
	at java.lang.reflect.Method.invoke(Unknown Source)
	at org.eclipse.equinox.launcher.Main.invokeFramework(Main.java:622)
	at org.eclipse.equinox.launcher.Main.basicRun(Main.java:577)
	at org.eclipse.equinox.launcher.Main.run(Main.java:1410)
	at org.eclipse.equinox.launcher.Main.main(Main.java:1386)
 WARN [2014-11-27 18:10:39,216] (Utils.java:loadDocument:823) - Unable to load document: D:\SVN Repo\Kyazma\AtTaskDev\SourceCode\.metadata\.plugins\org.eclipse.core.resources\.projects\AtTask Dev\com.salesforce.ide.core\packageCache.xml (The system cannot find the file specified)
 WARN [2014-11-27 18:10:42,548] (Utils.java:loadDocument:823) - Unable to load document: D:\SVN Repo\Kyazma\AtTaskDev\SourceCode\.metadata\.plugins\org.eclipse.core.resources\.projects\AtTask Dev\com.salesforce.ide.core\packageCache.xml (The system cannot find the file specified)
 WARN [2014-11-27 18:10:43,308] (BaseRetryAspect.java:isLoginExceptionRetryable:95) - Login evaluation deemed exception not retry-able:
 LoginFault: Invalid username, password, security token; or user locked out.
 WARN [2014-11-27 18:10:43,308] (BaseRetryAspect.java:isConnectionExceptionRetryable:131) - Connection evaluation deemed exception not retry-able:
 LoginFault: Invalid username, password, security token; or user locked out.
 WARN [2014-11-27 18:10:43,328] (PackageManifestController.java:loadAll:486) - Unable to refresh file metadata: Invalid username, password, security token; or user locked out.
ERROR [2014-11-27 18:10:44,360] (ProjectProjectContentComposite.java:widgetDefaultSelected:296) - Unable to open custom component selection dialog
java.lang.NullPointerException
	at com.salesforce.ide.core.internal.utils.PackageManifestDocumentUtils.getPackageNode(PackageManifestDocumentUtils.java:142)
	at com.salesforce.ide.ui.packagemanifest.PackageManifestController.getComponentTypesFromCache(PackageManifestController.java:996)
	at com.salesforce.ide.ui.packagemanifest.PackageManifestController.createModel(PackageManifestController.java:821)
	at com.salesforce.ide.ui.packagemanifest.PackageManifestController.updateManifest(PackageManifestController.java:171)
	at com.salesforce.ide.ui.packagemanifest.PackageManifestController.getEnabledCompTypeTreeNodes(PackageManifestController.java:430)
	at com.salesforce.ide.ui.packagemanifest.PackageManifestTree$ManifestContentProvider.getElements(PackageManifestTree.java:688)
	at org.eclipse.jface.viewers.StructuredViewer.getRawChildren(StructuredViewer.java:1010)
	at org.eclipse.jface.viewers.ColumnViewer.getRawChildren(ColumnViewer.java:703)
	at org.eclipse.jface.viewers.AbstractTreeViewer.getRawChildren(AbstractTreeViewer.java:1336)
	at org.eclipse.jface.viewers.TreeViewer.getRawChildren(TreeViewer.java:391)
	at org.eclipse.jface.viewers.StructuredViewer.getFilteredChildren(StructuredViewer.java:917)
	at org.eclipse.jface.viewers.AbstractTreeViewer.getSortedChildren(AbstractTreeViewer.java:605)
	at org.eclipse.jface.viewers.AbstractTreeViewer$1.run(AbstractTreeViewer.java:805)
	at org.eclipse.swt.custom.BusyIndicator.showWhile(BusyIndicator.java:70)
	at org.eclipse.jface.viewers.AbstractTreeViewer.createChildren(AbstractTreeViewer.java:782)
	at org.eclipse.jface.viewers.TreeViewer.createChildren(TreeViewer.java:644)
	at org.eclipse.jface.viewers.AbstractTreeViewer.createChildren(AbstractTreeViewer.java:753)
	at org.eclipse.jface.viewers.AbstractTreeViewer.internalInitializeTree(AbstractTreeViewer.java:1533)
	at org.eclipse.jface.viewers.TreeViewer.internalInitializeTree(TreeViewer.java:833)
	at org.eclipse.jface.viewers.AbstractTreeViewer$5.run(AbstractTreeViewer.java:1517)
	at org.eclipse.jface.viewers.StructuredViewer.preservingSelection(StructuredViewer.java:1443)
	at org.eclipse.jface.viewers.TreeViewer.preservingSelection(TreeViewer.java:403)
	at org.eclipse.jface.viewers.StructuredViewer.preservingSelection(StructuredViewer.java:1404)
	at org.eclipse.jface.viewers.CheckboxTreeViewer.preservingSelection(CheckboxTreeViewer.java:416)
	at com.salesforce.ide.ui.packagemanifest.PackageManifestTree$PackageManifestTreeViewer.preservingSelection(PackageManifestTree.java:418)
	at org.eclipse.jface.viewers.AbstractTreeViewer.inputChanged(AbstractTreeViewer.java:1510)
	at org.eclipse.jface.viewers.ContentViewer.setInput(ContentViewer.java:280)
	at org.eclipse.jface.viewers.StructuredViewer.setInput(StructuredViewer.java:1690)
	at com.salesforce.ide.ui.packagemanifest.PackageManifestTree.updateTree(PackageManifestTree.java:1684)
	at com.salesforce.ide.ui.wizards.project.ProjectCustomComponentsComposite.initialize(ProjectCustomComponentsComposite.java:107)
	at com.salesforce.ide.ui.wizards.project.ProjectCustomComponentsComposite.<init>(ProjectCustomComponentsComposite.java:64)
	at com.salesforce.ide.ui.wizards.project.ProjectCustomComponentsDialog.createDialogArea(ProjectCustomComponentsDialog.java:54)
	at org.eclipse.jface.dialogs.Dialog.createContents(Dialog.java:760)
	at org.eclipse.jface.window.Window.create(Window.java:431)
	at org.eclipse.jface.dialogs.Dialog.create(Dialog.java:1089)
	at com.salesforce.ide.ui.wizards.project.ProjectCustomComponentsDialog.create(ProjectCustomComponentsDialog.java:153)
	at org.eclipse.jface.window.Window.open(Window.java:790)
	at com.salesforce.ide.ui.wizards.project.ProjectProjectContentComposite$9.widgetDefaultSelected(ProjectProjectContentComposite.java:294)
	at com.salesforce.ide.ui.wizards.project.ProjectProjectContentComposite$9.widgetSelected(ProjectProjectContentComposite.java:308)
	at org.eclipse.swt.widgets.TypedListener.handleEvent(TypedListener.java:240)
	at org.eclipse.swt.widgets.EventTable.sendEvent(EventTable.java:84)
	at org.eclipse.swt.widgets.Widget.sendEvent(Widget.java:1053)
	at org.eclipse.swt.widgets.Display.runDeferredEvents(Display.java:4165)
	at org.eclipse.swt.widgets.Display.readAndDispatch(Display.java:3754)
	at org.eclipse.jface.window.Window.runEventLoop(Window.java:825)
	at org.eclipse.jface.window.Window.open(Window.java:801)
	at com.salesforce.ide.ui.actions.OpenProjectContentPropertiesAction.execute(OpenProjectContentPropertiesAction.java:29)
	at com.salesforce.ide.ui.actions.BaseAction.run(BaseAction.java:197)
	at org.eclipse.ui.internal.PluginAction.runWithEvent(PluginAction.java:251)
	at org.eclipse.jface.action.ActionContributionItem.handleWidgetSelection(ActionContributionItem.java:584)
	at org.eclipse.jface.action.ActionContributionItem.access$2(ActionContributionItem.java:501)
	at org.eclipse.jface.action.ActionContributionItem$5.handleEvent(ActionContributionItem.java:411)
	at org.eclipse.swt.widgets.EventTable.sendEvent(EventTable.java:84)
	at org.eclipse.swt.widgets.Widget.sendEvent(Widget.java:1053)
	at org.eclipse.swt.widgets.Display.runDeferredEvents(Display.java:4165)
	at org.eclipse.swt.widgets.Display.readAndDispatch(Display.java:3754)
	at org.eclipse.ui.internal.Workbench.runEventLoop(Workbench.java:2696)
	at org.eclipse.ui.internal.Workbench.runUI(Workbench.java:2660)
	at org.eclipse.ui.internal.Workbench.access$4(Workbench.java:2494)
	at org.eclipse.ui.internal.Workbench$7.run(Workbench.java:674)
	at org.eclipse.core.databinding.observable.Realm.runWithDefault(Realm.java:332)
	at org.eclipse.ui.internal.Workbench.createAndRunWorkbench(Workbench.java:667)
	at org.eclipse.ui.PlatformUI.createAndRunWorkbench(PlatformUI.java:149)
	at org.eclipse.ui.internal.ide.application.IDEApplication.start(IDEApplication.java:123)
	at org.eclipse.equinox.internal.app.EclipseAppHandle.run(EclipseAppHandle.java:196)
	at org.eclipse.core.runtime.internal.adaptor.EclipseAppLauncher.runApplication(EclipseAppLauncher.java:110)
	at org.eclipse.core.runtime.internal.adaptor.EclipseAppLauncher.start(EclipseAppLauncher.java:79)
	at org.eclipse.core.runtime.adaptor.EclipseStarter.run(EclipseStarter.java:344)
	at org.eclipse.core.runtime.adaptor.EclipseStarter.run(EclipseStarter.java:179)
	at sun.reflect.NativeMethodAccessorImpl.invoke0(Native Method)
	at sun.reflect.NativeMethodAccessorImpl.invoke(Unknown Source)
	at sun.reflect.DelegatingMethodAccessorImpl.invoke(Unknown Source)
	at java.lang.reflect.Method.invoke(Unknown Source)
	at org.eclipse.equinox.launcher.Main.invokeFramework(Main.java:622)
	at org.eclipse.equinox.launcher.Main.basicRun(Main.java:577)
	at org.eclipse.equinox.launcher.Main.run(Main.java:1410)
	at org.eclipse.equinox.launcher.Main.main(Main.java:1386)
 WARN [2014-11-27 18:10:45,600] (Utils.java:loadDocument:823) - Unable to load document: D:\SVN Repo\Kyazma\AtTaskDev\SourceCode\.metadata\.plugins\org.eclipse.core.resources\.projects\AtTask Dev\com.salesforce.ide.core\packageCache.xml (The system cannot find the file specified)
 WARN [2014-11-27 18:10:53,772] (Utils.java:loadDocument:823) - Unable to load document: D:\SVN Repo\Kyazma\AtTaskDev\SourceCode\.metadata\.plugins\org.eclipse.core.resources\.projects\AtTask Dev\com.salesforce.ide.core\packageCache.xml (The system cannot find the file specified)
 WARN [2014-11-27 18:11:47,079] (ServicePreProcessorAspect.java:sameNamedPackageCheck:71) - Found packages of the same name: 'ClientSuccess'
 WARN [2014-11-27 18:11:52,478] (ComponentFactory.java:getComponentByFilePath:613) - No id found for filepath 'modules/ClientSuccess_oauth/ConnectivityDevConfigs/ClientSuccess_oauth_devConfig.ConnectivityDevConfig', tagging as component of type 'Unknown'
 WARN [2014-11-27 18:11:52,502] (ComponentFactory.java:getComponentByFilePath:613) - No id found for filepath 'modules/ClientSuccess_oauth/modules/ClientSuccess__ClientSuccess_oauth', tagging as component of type 'Unknown'
ERROR [2014-11-27 18:11:52,545] (ProjectPackageList.java:generateComponents:473) - Filepath-zip mapping is null or empty for package 'ClientSuccess' [0A3o00000008ztECAQ] - skipping component generation
ERROR [2014-11-27 18:11:52,549] (ProjectPackageList.java:generateComponents:473) - Filepath-zip mapping is null or empty for package 'ClientSuccess' [0A3o00000008ztFCAQ] - skipping component generation
 WARN [2014-11-27 18:11:52,553] (ComponentFactory.java:getComponentByFilePath:613) - No id found for filepath 'modules/ClientSuccess_oauth_c4s/Canvases/ClientSuccess_oauth_c4sCanvas.Canvas', tagging as component of type 'Unknown'
 WARN [2014-11-27 18:11:52,557] (ComponentFactory.java:getComponentByFilePath:613) - No id found for filepath 'modules/ClientSuccess_oauth_c4s/modules/ClientSuccess__ClientSuccess_oauth_c4s', tagging as component of type 'Unknown'
 WARN [2014-11-27 18:11:52,561] (ComponentFactory.java:getComponentByFilePath:613) - No id found for filepath 'modules/Dataloader_Bulk_oauth/ConnectivityDevConfigs/Dataloader_Bulk_oauth_devConfig.ConnectivityDevConfig', tagging as component of type 'Unknown'
 WARN [2014-11-27 18:11:52,566] (ComponentFactory.java:getComponentByFilePath:613) - No id found for filepath 'modules/Dataloader_Bulk_oauth/modules/sf_com_apps__Dataloader_Bulk_oauth', tagging as component of type 'Unknown'
 WARN [2014-11-27 18:11:52,570] (ComponentFactory.java:getComponentByFilePath:613) - No id found for filepath 'applicationManifests/Dataloader_Bulk', tagging as component of type 'Unknown'
 WARN [2014-11-27 18:11:52,576] (ComponentFactory.java:getComponentByFilePath:613) - No id found for filepath 'modules/Dataloader_P5r_oauth/ConnectivityDevConfigs/Dataloader_P5r_oauth_devConfig.ConnectivityDevConfig', tagging as component of type 'Unknown'
 WARN [2014-11-27 18:11:52,580] (ComponentFactory.java:getComponentByFilePath:613) - No id found for filepath 'modules/Dataloader_P5r_oauth/modules/sf_com_apps__Dataloader_P5r_oauth', tagging as component of type 'Unknown'
 WARN [2014-11-27 18:11:52,584] (ComponentFactory.java:getComponentByFilePath:613) - No id found for filepath 'applicationManifests/Dataloader_Partner', tagging as component of type 'Unknown'
 WARN [2014-11-27 18:11:52,587] (ComponentFactory.java:getComponentByFilePath:613) - No id found for filepath 'modules/Forcecom_IDE_oauth/ConnectivityDevConfigs/Forcecom_IDE_oauth_devConfig.ConnectivityDevConfig', tagging as component of type 'Unknown'
 WARN [2014-11-27 18:11:52,590] (ComponentFactory.java:getComponentByFilePath:613) - No id found for filepath 'modules/Forcecom_IDE_oauth/modules/sf_com_apps__Forcecom_IDE_oauth', tagging as component of type 'Unknown'
 WARN [2014-11-27 18:11:52,590] (ComponentFactory.java:getComponentByFilePath:613) - No id found for filepath 'applicationManifests/Forcecom_IDE', tagging as component of type 'Unknown'
 WARN [2014-11-27 18:11:52,590] (ComponentFactory.java:getComponentByFilePath:613) - No id found for filepath 'modules/Forcecom_Migration_Tool_oauth/ConnectivityDevConfigs/Forcecom_Migration_Tool_oauth_devConfig.ConnectivityDevConfig', tagging as component of type 'Unknown'
 WARN [2014-11-27 18:11:52,600] (ComponentFactory.java:getComponentByFilePath:613) - No id found for filepath 'modules/Forcecom_Migration_Tool_oauth/modules/sf_com_apps__Forcecom_Migration_Tool_oauth', tagging as component of type 'Unknown'
 WARN [2014-11-27 18:11:52,600] (ComponentFactory.java:getComponentByFilePath:613) - No id found for filepath 'applicationManifests/Forcecom_Migration_Tool', tagging as component of type 'Unknown'
 WARN [2014-11-27 18:11:52,600] (ComponentFactory.java:getComponentByFilePath:613) - No id found for filepath 'modules/S8e_M4e_Dashboards_oauth/ConnectivityDevConfigs/S8e_M4e_Dashboards_oauth_devConfig.ConnectivityDevConfig', tagging as component of type 'Unknown'
 WARN [2014-11-27 18:11:52,610] (ComponentFactory.java:getComponentByFilePath:613) - No id found for filepath 'modules/S8e_M4e_Dashboards_oauth/modules/sf_com_apps__S8e_M4e_Dashboards_oauth', tagging as component of type 'Unknown'
 WARN [2014-11-27 18:11:52,610] (ComponentFactory.java:getComponentByFilePath:613) - No id found for filepath 'applicationManifests/Salesforce_Mobile_Dashboards', tagging as component of type 'Unknown'
 WARN [2014-11-27 18:11:52,610] (ComponentFactory.java:getComponentByFilePath:613) - No id found for filepath 'modules/S8e_T3h_oauth/ConnectivityDevConfigs/S8e_T3h_oauth_devConfig.ConnectivityDevConfig', tagging as component of type 'Unknown'
 WARN [2014-11-27 18:11:52,620] (ComponentFactory.java:getComponentByFilePath:613) - No id found for filepath 'modules/S8e_T3h_oauth/modules/sf_com_apps__S8e_T3h_oauth', tagging as component of type 'Unknown'
 WARN [2014-11-27 18:11:52,620] (ComponentFactory.java:getComponentByFilePath:613) - No id found for filepath 'applicationManifests/Salesforce_Touch', tagging as component of type 'Unknown'
 WARN [2014-11-27 18:11:52,630] (ComponentFactory.java:getComponentByFilePath:613) - No id found for filepath 'modules/S8e_for_Outlook_oauth/ConnectivityDevConfigs/S8e_for_Outlook_oauth_devConfig.ConnectivityDevConfig', tagging as component of type 'Unknown'
 WARN [2014-11-27 18:11:52,630] (ComponentFactory.java:getComponentByFilePath:613) - No id found for filepath 'modules/S8e_for_Outlook_oauth/modules/sf_com_apps__S8e_for_Outlook_oauth', tagging as component of type 'Unknown'
 WARN [2014-11-27 18:11:52,630] (ComponentFactory.java:getComponentByFilePath:613) - No id found for filepath 'applicationManifests/Salesforce_for_Outlook', tagging as component of type 'Unknown'
 WARN [2014-11-27 18:11:52,640] (ComponentFactory.java:getComponentByFilePath:613) - No id found for filepath 'modules/Workbench_oauth/ConnectivityDevConfigs/Workbench_oauth_devConfig.ConnectivityDevConfig', tagging as component of type 'Unknown'
 WARN [2014-11-27 18:11:52,640] (ComponentFactory.java:getComponentByFilePath:613) - No id found for filepath 'modules/Workbench_oauth/modules/sf_com_apps__Workbench_oauth', tagging as component of type 'Unknown'
 WARN [2014-11-27 18:11:52,640] (ComponentFactory.java:getComponentByFilePath:613) - No id found for filepath 'applicationManifests/Workbench', tagging as component of type 'Unknown'
ERROR [2014-11-27 18:11:52,650] (ProjectPackageList.java:generateComponents:473) - Filepath-zip mapping is null or empty for package 'Salesforce Connected Apps' [0A3o00000008sPTCAY] - skipping component generation
 WARN [2014-11-27 18:11:53,386] (ProjectPackageList.java:saveResources:1153) - Component list in project package 'ClientSuccess' is empty.  No resources to save.
 WARN [2014-11-27 18:11:53,386] (ProjectPackageList.java:saveResources:1153) - Component list in project package 'ClientSuccess' is empty.  No resources to save.
 WARN [2014-11-27 18:11:54,525] (ProjectPackageList.java:saveResources:1153) - Component list in project package 'Salesforce Connected Apps' is empty.  No resources to save.
 WARN [2014-11-27 18:12:16,566] (Utils.java:loadDocument:823) - Unable to load document: D:\SVN Repo\Kyazma\AtTaskDev\SourceCode\.metadata\.plugins\org.eclipse.core.resources\.projects\AtTask Dev\com.salesforce.ide.core\packageCache.xml (The system cannot find the file specified)
 WARN [2014-11-27 18:12:19,927] (Utils.java:loadDocument:823) - Unable to load document: D:\SVN Repo\Kyazma\AtTaskDev\SourceCode\.metadata\.plugins\org.eclipse.core.resources\.projects\AtTask Dev\com.salesforce.ide.core\packageCache.xml (The system cannot find the file specified)
 WARN [2014-11-27 18:12:21,683] (ComponentFactory.java:getComponentBean:1145) - Unable to get component for id 'ExternalDataSource': Unable to get bean for id 'ExternalDataSource'
 WARN [2014-11-27 18:12:21,703] (ComponentFactory.java:getComponentBean:1145) - Unable to get component for id 'SamlSsoConfig': Unable to get bean for id 'SamlSsoConfig'
 WARN [2014-11-27 18:12:22,533] (ComponentFactory.java:getComponentBean:1145) - Unable to get component for id 'ExternalDataSource': Unable to get bean for id 'ExternalDataSource'
 WARN [2014-11-27 18:12:22,553] (ComponentFactory.java:getComponentBean:1145) - Unable to get component for id 'SamlSsoConfig': Unable to get bean for id 'SamlSsoConfig'
 WARN [2014-11-27 18:12:23,323] (ComponentFactory.java:getComponentBean:1145) - Unable to get component for id 'ExternalDataSource': Unable to get bean for id 'ExternalDataSource'
 WARN [2014-11-27 18:12:23,343] (ComponentFactory.java:getComponentBean:1145) - Unable to get component for id 'SamlSsoConfig': Unable to get bean for id 'SamlSsoConfig'
 WARN [2014-11-27 18:12:24,126] (ComponentFactory.java:getComponentBean:1145) - Unable to get component for id 'ExternalDataSource': Unable to get bean for id 'ExternalDataSource'
 WARN [2014-11-27 18:12:24,146] (ComponentFactory.java:getComponentBean:1145) - Unable to get component for id 'SamlSsoConfig': Unable to get bean for id 'SamlSsoConfig'
 WARN [2014-11-27 18:12:24,921] (ComponentFactory.java:getComponentBean:1145) - Unable to get component for id 'ExternalDataSource': Unable to get bean for id 'ExternalDataSource'
 WARN [2014-11-27 18:12:24,941] (ComponentFactory.java:getComponentBean:1145) - Unable to get component for id 'SamlSsoConfig': Unable to get bean for id 'SamlSsoConfig'
 WARN [2014-11-27 18:12:36,888] (ComponentFactory.java:getComponentBean:1145) - Unable to get component for id 'BusinessProcess': Unable to get bean for id 'BusinessProcess'
 WARN [2014-11-27 18:12:36,908] (ComponentFactory.java:getComponentBean:1145) - Unable to get component for id 'CustomField': Unable to get bean for id 'CustomField'
 WARN [2014-11-27 18:12:36,918] (ComponentFactory.java:getComponentBean:1145) - Unable to get component for id 'CustomLabel': Unable to get bean for id 'CustomLabel'
 WARN [2014-11-27 18:12:37,411] (ComponentFactory.java:getComponentBean:1145) - Unable to get component for id 'ExternalDataSource': Unable to get bean for id 'ExternalDataSource'
 WARN [2014-11-27 18:12:37,441] (ComponentFactory.java:getComponentBean:1145) - Unable to get component for id 'SamlSsoConfig': Unable to get bean for id 'SamlSsoConfig'
 WARN [2014-11-27 18:12:38,151] (ComponentFactory.java:getComponentBean:1145) - Unable to get component for id 'ExternalDataSource': Unable to get bean for id 'ExternalDataSource'
 WARN [2014-11-27 18:12:38,171] (ComponentFactory.java:getComponentBean:1145) - Unable to get component for id 'SamlSsoConfig': Unable to get bean for id 'SamlSsoConfig'
 WARN [2014-11-27 18:12:38,914] (ComponentFactory.java:getComponentBean:1145) - Unable to get component for id 'ExternalDataSource': Unable to get bean for id 'ExternalDataSource'
 WARN [2014-11-27 18:12:38,934] (ComponentFactory.java:getComponentBean:1145) - Unable to get component for id 'SamlSsoConfig': Unable to get bean for id 'SamlSsoConfig'
 WARN [2014-11-27 18:12:39,226] (ComponentFactory.java:getComponentBean:1145) - Unable to get component for id 'ExternalDataSource': Unable to get bean for id 'ExternalDataSource'
 WARN [2014-11-27 18:12:39,236] (ComponentFactory.java:getComponentBean:1145) - Unable to get component for id 'FieldSet': Unable to get bean for id 'FieldSet'
 WARN [2014-11-27 18:12:39,246] (ComponentFactory.java:getComponentBean:1145) - Unable to get component for id 'ListView': Unable to get bean for id 'ListView'
 WARN [2014-11-27 18:12:39,256] (ComponentFactory.java:getComponentBean:1145) - Unable to get component for id 'NamedFilter': Unable to get bean for id 'NamedFilter'
 WARN [2014-11-27 18:12:39,266] (ComponentFactory.java:getComponentBean:1145) - Unable to get component for id 'RecordType': Unable to get bean for id 'RecordType'
 WARN [2014-11-27 18:12:39,796] (ComponentFactory.java:getComponentBean:1145) - Unable to get component for id 'ExternalDataSource': Unable to get bean for id 'ExternalDataSource'
 WARN [2014-11-27 18:12:39,826] (ComponentFactory.java:getComponentBean:1145) - Unable to get component for id 'SamlSsoConfig': Unable to get bean for id 'SamlSsoConfig'
 WARN [2014-11-27 18:12:40,076] (ComponentFactory.java:getComponentBean:1145) - Unable to get component for id 'SamlSsoConfig': Unable to get bean for id 'SamlSsoConfig'
 WARN [2014-11-27 18:12:40,076] (ComponentFactory.java:getComponentBean:1145) - Unable to get component for id 'SharingReason': Unable to get bean for id 'SharingReason'
 WARN [2014-11-27 18:12:40,086] (ComponentFactory.java:getComponentBean:1145) - Unable to get component for id 'ValidationRule': Unable to get bean for id 'ValidationRule'
 WARN [2014-11-27 18:12:40,096] (ComponentFactory.java:getComponentBean:1145) - Unable to get component for id 'WebLink': Unable to get bean for id 'WebLink'
 WARN [2014-11-27 18:12:40,106] (ComponentFactory.java:getComponentBean:1145) - Unable to get component for id 'WorkflowAlert': Unable to get bean for id 'WorkflowAlert'
 WARN [2014-11-27 18:12:40,106] (ComponentFactory.java:getComponentBean:1145) - Unable to get component for id 'WorkflowFieldUpdate': Unable to get bean for id 'WorkflowFieldUpdate'
 WARN [2014-11-27 18:12:40,106] (ComponentFactory.java:getComponentBean:1145) - Unable to get component for id 'WorkflowKnowledgePublish': Unable to get bean for id 'WorkflowKnowledgePublish'
 WARN [2014-11-27 18:12:40,116] (ComponentFactory.java:getComponentBean:1145) - Unable to get component for id 'WorkflowOutboundMessage': Unable to get bean for id 'WorkflowOutboundMessage'
 WARN [2014-11-27 18:12:40,116] (ComponentFactory.java:getComponentBean:1145) - Unable to get component for id 'WorkflowRule': Unable to get bean for id 'WorkflowRule'
 WARN [2014-11-27 18:12:40,116] (ComponentFactory.java:getComponentBean:1145) - Unable to get component for id 'WorkflowSend': Unable to get bean for id 'WorkflowSend'
 WARN [2014-11-27 18:12:40,126] (ComponentFactory.java:getComponentBean:1145) - Unable to get component for id 'WorkflowTask': Unable to get bean for id 'WorkflowTask'
 WARN [2014-11-27 18:12:40,166] (ComponentFactory.java:getComponentBean:1145) - Unable to get component for id 'ExternalDataSource': Unable to get bean for id 'ExternalDataSource'
 WARN [2014-11-27 18:12:40,176] (ComponentFactory.java:getComponentBean:1145) - Unable to get component for id 'SamlSsoConfig': Unable to get bean for id 'SamlSsoConfig'
 WARN [2014-11-27 18:13:44,200] (ComponentFactory.java:getComponentBean:1145) - Unable to get component for id 'ExternalDataSource': Unable to get bean for id 'ExternalDataSource'
 WARN [2014-11-27 18:13:44,212] (ComponentFactory.java:getComponentBean:1145) - Unable to get component for id 'SamlSsoConfig': Unable to get bean for id 'SamlSsoConfig'
 WARN [2014-11-27 18:14:21,632] (ServicePreProcessorAspect.java:sameNamedPackageCheck:71) - Found packages of the same name: 'ClientSuccess'
 WARN [2014-11-27 18:14:36,819] (ComponentFactory.java:getComponentByFilePath:613) - No id found for filepath 'modules/ClientSuccess_oauth/ConnectivityDevConfigs/ClientSuccess_oauth_devConfig.ConnectivityDevConfig', tagging as component of type 'Unknown'
 WARN [2014-11-27 18:14:36,829] (ComponentFactory.java:getComponentByFilePath:613) - No id found for filepath 'modules/ClientSuccess_oauth/modules/ClientSuccess__ClientSuccess_oauth', tagging as component of type 'Unknown'
ERROR [2014-11-27 18:14:36,839] (ProjectPackageList.java:generateComponents:473) - Filepath-zip mapping is null or empty for package 'ClientSuccess' [0A3o00000008ztECAQ] - skipping component generation
ERROR [2014-11-27 18:14:36,839] (ProjectPackageList.java:generateComponents:473) - Filepath-zip mapping is null or empty for package 'ClientSuccess' [0A3o00000008ztFCAQ] - skipping component generation
 WARN [2014-11-27 18:14:36,839] (ComponentFactory.java:getComponentByFilePath:613) - No id found for filepath 'modules/ClientSuccess_oauth_c4s/Canvases/ClientSuccess_oauth_c4sCanvas.Canvas', tagging as component of type 'Unknown'
 WARN [2014-11-27 18:14:36,849] (ComponentFactory.java:getComponentByFilePath:613) - No id found for filepath 'modules/ClientSuccess_oauth_c4s/modules/ClientSuccess__ClientSuccess_oauth_c4s', tagging as component of type 'Unknown'
 WARN [2014-11-27 18:14:36,849] (ComponentFactory.java:getComponentByFilePath:613) - No id found for filepath 'modules/Dataloader_Bulk_oauth/ConnectivityDevConfigs/Dataloader_Bulk_oauth_devConfig.ConnectivityDevConfig', tagging as component of type 'Unknown'
 WARN [2014-11-27 18:14:36,849] (ComponentFactory.java:getComponentByFilePath:613) - No id found for filepath 'modules/Dataloader_Bulk_oauth/modules/sf_com_apps__Dataloader_Bulk_oauth', tagging as component of type 'Unknown'
 WARN [2014-11-27 18:14:36,859] (ComponentFactory.java:getComponentByFilePath:613) - No id found for filepath 'applicationManifests/Dataloader_Bulk', tagging as component of type 'Unknown'
 WARN [2014-11-27 18:14:36,859] (ComponentFactory.java:getComponentByFilePath:613) - No id found for filepath 'modules/Dataloader_P5r_oauth/ConnectivityDevConfigs/Dataloader_P5r_oauth_devConfig.ConnectivityDevConfig', tagging as component of type 'Unknown'
 WARN [2014-11-27 18:14:36,859] (ComponentFactory.java:getComponentByFilePath:613) - No id found for filepath 'modules/Dataloader_P5r_oauth/modules/sf_com_apps__Dataloader_P5r_oauth', tagging as component of type 'Unknown'
 WARN [2014-11-27 18:14:36,869] (ComponentFactory.java:getComponentByFilePath:613) - No id found for filepath 'applicationManifests/Dataloader_Partner', tagging as component of type 'Unknown'
 WARN [2014-11-27 18:14:36,869] (ComponentFactory.java:getComponentByFilePath:613) - No id found for filepath 'modules/Forcecom_IDE_oauth/ConnectivityDevConfigs/Forcecom_IDE_oauth_devConfig.ConnectivityDevConfig', tagging as component of type 'Unknown'
 WARN [2014-11-27 18:14:36,869] (ComponentFactory.java:getComponentByFilePath:613) - No id found for filepath 'modules/Forcecom_IDE_oauth/modules/sf_com_apps__Forcecom_IDE_oauth', tagging as component of type 'Unknown'
 WARN [2014-11-27 18:14:36,879] (ComponentFactory.java:getComponentByFilePath:613) - No id found for filepath 'applicationManifests/Forcecom_IDE', tagging as component of type 'Unknown'
 WARN [2014-11-27 18:14:36,879] (ComponentFactory.java:getComponentByFilePath:613) - No id found for filepath 'modules/Forcecom_Migration_Tool_oauth/ConnectivityDevConfigs/Forcecom_Migration_Tool_oauth_devConfig.ConnectivityDevConfig', tagging as component of type 'Unknown'
 WARN [2014-11-27 18:14:36,879] (ComponentFactory.java:getComponentByFilePath:613) - No id found for filepath 'modules/Forcecom_Migration_Tool_oauth/modules/sf_com_apps__Forcecom_Migration_Tool_oauth', tagging as component of type 'Unknown'
 WARN [2014-11-27 18:14:36,889] (ComponentFactory.java:getComponentByFilePath:613) - No id found for filepath 'applicationManifests/Forcecom_Migration_Tool', tagging as component of type 'Unknown'
 WARN [2014-11-27 18:14:36,889] (ComponentFactory.java:getComponentByFilePath:613) - No id found for filepath 'modules/S8e_M4e_Dashboards_oauth/ConnectivityDevConfigs/S8e_M4e_Dashboards_oauth_devConfig.ConnectivityDevConfig', tagging as component of type 'Unknown'
 WARN [2014-11-27 18:14:36,889] (ComponentFactory.java:getComponentByFilePath:613) - No id found for filepath 'modules/S8e_M4e_Dashboards_oauth/modules/sf_com_apps__S8e_M4e_Dashboards_oauth', tagging as component of type 'Unknown'
 WARN [2014-11-27 18:14:36,889] (ComponentFactory.java:getComponentByFilePath:613) - No id found for filepath 'applicationManifests/Salesforce_Mobile_Dashboards', tagging as component of type 'Unknown'
 WARN [2014-11-27 18:14:36,899] (ComponentFactory.java:getComponentByFilePath:613) - No id found for filepath 'modules/S8e_T3h_oauth/ConnectivityDevConfigs/S8e_T3h_oauth_devConfig.ConnectivityDevConfig', tagging as component of type 'Unknown'
 WARN [2014-11-27 18:14:36,899] (ComponentFactory.java:getComponentByFilePath:613) - No id found for filepath 'modules/S8e_T3h_oauth/modules/sf_com_apps__S8e_T3h_oauth', tagging as component of type 'Unknown'
 WARN [2014-11-27 18:14:36,899] (ComponentFactory.java:getComponentByFilePath:613) - No id found for filepath 'applicationManifests/Salesforce_Touch', tagging as component of type 'Unknown'
 WARN [2014-11-27 18:14:36,909] (ComponentFactory.java:getComponentByFilePath:613) - No id found for filepath 'modules/S8e_for_Outlook_oauth/ConnectivityDevConfigs/S8e_for_Outlook_oauth_devConfig.ConnectivityDevConfig', tagging as component of type 'Unknown'
 WARN [2014-11-27 18:14:36,909] (ComponentFactory.java:getComponentByFilePath:613) - No id found for filepath 'modules/S8e_for_Outlook_oauth/modules/sf_com_apps__S8e_for_Outlook_oauth', tagging as component of type 'Unknown'
 WARN [2014-11-27 18:14:36,909] (ComponentFactory.java:getComponentByFilePath:613) - No id found for filepath 'applicationManifests/Salesforce_for_Outlook', tagging as component of type 'Unknown'
 WARN [2014-11-27 18:14:36,919] (ComponentFactory.java:getComponentByFilePath:613) - No id found for filepath 'modules/Workbench_oauth/ConnectivityDevConfigs/Workbench_oauth_devConfig.ConnectivityDevConfig', tagging as component of type 'Unknown'
 WARN [2014-11-27 18:14:36,919] (ComponentFactory.java:getComponentByFilePath:613) - No id found for filepath 'modules/Workbench_oauth/modules/sf_com_apps__Workbench_oauth', tagging as component of type 'Unknown'
 WARN [2014-11-27 18:14:36,919] (ComponentFactory.java:getComponentByFilePath:613) - No id found for filepath 'applicationManifests/Workbench', tagging as component of type 'Unknown'
ERROR [2014-11-27 18:14:36,929] (ProjectPackageList.java:generateComponents:473) - Filepath-zip mapping is null or empty for package 'Salesforce Connected Apps' [0A3o00000008sPTCAY] - skipping component generation
 WARN [2014-11-27 18:14:37,285] (ProjectPackageList.java:saveResources:1153) - Component list in project package 'ClientSuccess' is empty.  No resources to save.
 WARN [2014-11-27 18:14:37,285] (ProjectPackageList.java:saveResources:1153) - Component list in project package 'ClientSuccess' is empty.  No resources to save.
 WARN [2014-11-27 18:14:37,703] (ProjectPackageList.java:saveResources:1153) - Component list in project package 'Salesforce Connected Apps' is empty.  No resources to save.
 WARN [2014-11-27 18:14:53,063] (ServicePreProcessorAspect.java:sameNamedPackageCheck:71) - Found packages of the same name: 'ClientSuccess'
 WARN [2014-11-27 18:15:01,454] (ComponentFactory.java:getComponentByFilePath:613) - No id found for filepath 'modules/ClientSuccess_oauth/ConnectivityDevConfigs/ClientSuccess_oauth_devConfig.ConnectivityDevConfig', tagging as component of type 'Unknown'
 WARN [2014-11-27 18:15:01,454] (ComponentFactory.java:getComponentByFilePath:613) - No id found for filepath 'modules/ClientSuccess_oauth/modules/ClientSuccess__ClientSuccess_oauth', tagging as component of type 'Unknown'
ERROR [2014-11-27 18:15:01,464] (ProjectPackageList.java:generateComponents:473) - Filepath-zip mapping is null or empty for package 'ClientSuccess' [0A3o00000008ztECAQ] - skipping component generation
ERROR [2014-11-27 18:15:01,474] (ProjectPackageList.java:generateComponents:473) - Filepath-zip mapping is null or empty for package 'ClientSuccess' [0A3o00000008ztFCAQ] - skipping component generation
 WARN [2014-11-27 18:15:01,474] (ComponentFactory.java:getComponentByFilePath:613) - No id found for filepath 'modules/ClientSuccess_oauth_c4s/Canvases/ClientSuccess_oauth_c4sCanvas.Canvas', tagging as component of type 'Unknown'
 WARN [2014-11-27 18:15:01,474] (ComponentFactory.java:getComponentByFilePath:613) - No id found for filepath 'modules/ClientSuccess_oauth_c4s/modules/ClientSuccess__ClientSuccess_oauth_c4s', tagging as component of type 'Unknown'
 WARN [2014-11-27 18:15:01,484] (ComponentFactory.java:getComponentByFilePath:613) - No id found for filepath 'modules/Dataloader_Bulk_oauth/ConnectivityDevConfigs/Dataloader_Bulk_oauth_devConfig.ConnectivityDevConfig', tagging as component of type 'Unknown'
 WARN [2014-11-27 18:15:01,484] (ComponentFactory.java:getComponentByFilePath:613) - No id found for filepath 'modules/Dataloader_Bulk_oauth/modules/sf_com_apps__Dataloader_Bulk_oauth', tagging as component of type 'Unknown'
 WARN [2014-11-27 18:15:01,484] (ComponentFactory.java:getComponentByFilePath:613) - No id found for filepath 'applicationManifests/Dataloader_Bulk', tagging as component of type 'Unknown'
 WARN [2014-11-27 18:15:01,494] (ComponentFactory.java:getComponentByFilePath:613) - No id found for filepath 'modules/Dataloader_P5r_oauth/ConnectivityDevConfigs/Dataloader_P5r_oauth_devConfig.ConnectivityDevConfig', tagging as component of type 'Unknown'
 WARN [2014-11-27 18:15:01,494] (ComponentFactory.java:getComponentByFilePath:613) - No id found for filepath 'modules/Dataloader_P5r_oauth/modules/sf_com_apps__Dataloader_P5r_oauth', tagging as component of type 'Unknown'
 WARN [2014-11-27 18:15:01,504] (ComponentFactory.java:getComponentByFilePath:613) - No id found for filepath 'applicationManifests/Dataloader_Partner', tagging as component of type 'Unknown'
 WARN [2014-11-27 18:15:01,504] (ComponentFactory.java:getComponentByFilePath:613) - No id found for filepath 'modules/Forcecom_IDE_oauth/ConnectivityDevConfigs/Forcecom_IDE_oauth_devConfig.ConnectivityDevConfig', tagging as component of type 'Unknown'
 WARN [2014-11-27 18:15:01,504] (ComponentFactory.java:getComponentByFilePath:613) - No id found for filepath 'modules/Forcecom_IDE_oauth/modules/sf_com_apps__Forcecom_IDE_oauth', tagging as component of type 'Unknown'
 WARN [2014-11-27 18:15:01,514] (ComponentFactory.java:getComponentByFilePath:613) - No id found for filepath 'applicationManifests/Forcecom_IDE', tagging as component of type 'Unknown'
 WARN [2014-11-27 18:15:01,514] (ComponentFactory.java:getComponentByFilePath:613) - No id found for filepath 'modules/Forcecom_Migration_Tool_oauth/ConnectivityDevConfigs/Forcecom_Migration_Tool_oauth_devConfig.ConnectivityDevConfig', tagging as component of type 'Unknown'
 WARN [2014-11-27 18:15:01,524] (ComponentFactory.java:getComponentByFilePath:613) - No id found for filepath 'modules/Forcecom_Migration_Tool_oauth/modules/sf_com_apps__Forcecom_Migration_Tool_oauth', tagging as component of type 'Unknown'
 WARN [2014-11-27 18:15:01,551] (ComponentFactory.java:getComponentByFilePath:613) - No id found for filepath 'applicationManifests/Forcecom_Migration_Tool', tagging as component of type 'Unknown'
 WARN [2014-11-27 18:15:01,555] (ComponentFactory.java:getComponentByFilePath:613) - No id found for filepath 'modules/S8e_M4e_Dashboards_oauth/ConnectivityDevConfigs/S8e_M4e_Dashboards_oauth_devConfig.ConnectivityDevConfig', tagging as component of type 'Unknown'
 WARN [2014-11-27 18:15:01,559] (ComponentFactory.java:getComponentByFilePath:613) - No id found for filepath 'modules/S8e_M4e_Dashboards_oauth/modules/sf_com_apps__S8e_M4e_Dashboards_oauth', tagging as component of type 'Unknown'
 WARN [2014-11-27 18:15:01,563] (ComponentFactory.java:getComponentByFilePath:613) - No id found for filepath 'applicationManifests/Salesforce_Mobile_Dashboards', tagging as component of type 'Unknown'
 WARN [2014-11-27 18:15:01,567] (ComponentFactory.java:getComponentByFilePath:613) - No id found for filepath 'modules/S8e_T3h_oauth/ConnectivityDevConfigs/S8e_T3h_oauth_devConfig.ConnectivityDevConfig', tagging as component of type 'Unknown'
 WARN [2014-11-27 18:15:01,570] (ComponentFactory.java:getComponentByFilePath:613) - No id found for filepath 'modules/S8e_T3h_oauth/modules/sf_com_apps__S8e_T3h_oauth', tagging as component of type 'Unknown'
 WARN [2014-11-27 18:15:01,575] (ComponentFactory.java:getComponentByFilePath:613) - No id found for filepath 'applicationManifests/Salesforce_Touch', tagging as component of type 'Unknown'
 WARN [2014-11-27 18:15:01,582] (ComponentFactory.java:getComponentByFilePath:613) - No id found for filepath 'modules/S8e_for_Outlook_oauth/ConnectivityDevConfigs/S8e_for_Outlook_oauth_devConfig.ConnectivityDevConfig', tagging as component of type 'Unknown'
 WARN [2014-11-27 18:15:01,586] (ComponentFactory.java:getComponentByFilePath:613) - No id found for filepath 'modules/S8e_for_Outlook_oauth/modules/sf_com_apps__S8e_for_Outlook_oauth', tagging as component of type 'Unknown'
 WARN [2014-11-27 18:15:01,589] (ComponentFactory.java:getComponentByFilePath:613) - No id found for filepath 'applicationManifests/Salesforce_for_Outlook', tagging as component of type 'Unknown'
 WARN [2014-11-27 18:15:01,593] (ComponentFactory.java:getComponentByFilePath:613) - No id found for filepath 'modules/Workbench_oauth/ConnectivityDevConfigs/Workbench_oauth_devConfig.ConnectivityDevConfig', tagging as component of type 'Unknown'
 WARN [2014-11-27 18:15:01,597] (ComponentFactory.java:getComponentByFilePath:613) - No id found for filepath 'modules/Workbench_oauth/modules/sf_com_apps__Workbench_oauth', tagging as component of type 'Unknown'
 WARN [2014-11-27 18:15:01,604] (ComponentFactory.java:getComponentByFilePath:613) - No id found for filepath 'applicationManifests/Workbench', tagging as component of type 'Unknown'
ERROR [2014-11-27 18:15:01,607] (ProjectPackageList.java:generateComponents:473) - Filepath-zip mapping is null or empty for package 'Salesforce Connected Apps' [0A3o00000008sPTCAY] - skipping component generation
 WARN [2014-11-27 18:15:01,912] (ProjectPackageList.java:saveResources:1153) - Component list in project package 'ClientSuccess' is empty.  No resources to save.
 WARN [2014-11-27 18:15:01,912] (ProjectPackageList.java:saveResources:1153) - Component list in project package 'ClientSuccess' is empty.  No resources to save.
 WARN [2014-11-27 18:15:02,240] (ProjectPackageList.java:saveResources:1153) - Component list in project package 'Salesforce Connected Apps' is empty.  No resources to save.
 WARN [2014-11-27 18:19:56,935] (ComponentFactory.java:getCompositeComponentFromComponent:1093) - Unable to load existing 'classes/Work_Item.cls-meta.xml' from project - associated component's file resource is null.  Assuming new.
 WARN [2014-11-27 18:19:57,957] (ComponentFactory.java:getComponentBean:1145) - Unable to get component for id 'ExternalDataSource': Unable to get bean for id 'ExternalDataSource'
 WARN [2014-11-27 18:19:57,977] (ComponentFactory.java:getComponentBean:1145) - Unable to get component for id 'SamlSsoConfig': Unable to get bean for id 'SamlSsoConfig'
 WARN [2014-11-27 18:20:20,224] (ApexCodeEditor.java:getStatementNear:789) - An error occured while parsing the AST, the last cached version of the AST is being used
apex.parser.ApexParseException: unexpected token: 'Assignment'
	at apex.parser.ApexParser.parseClass(ApexParser.java:85)
	at com.salesforce.ide.ui.editors.apex.ast.IdeApexClzParser.parseClass(IdeApexClzParser.java:58)
	at com.salesforce.ide.ui.editors.apex.ast.IdeApexClzParser.parse(IdeApexClzParser.java:35)
	at com.salesforce.ide.ui.editors.apex.ApexCodeEditor.getStatementNear(ApexCodeEditor.java:786)
	at com.salesforce.ide.ui.editors.apex.ApexCodeEditor.getSourceElementAt(ApexCodeEditor.java:745)
	at com.salesforce.ide.ui.editors.apex.ApexCodeEditor.computeHighlightRangeSourceReference(ApexCodeEditor.java:741)
	at com.salesforce.ide.ui.editors.apex.ApexCodeEditor.selectionChanged(ApexCodeEditor.java:605)
	at com.salesforce.ide.ui.editors.apex.ApexCodeEditor$EditorSelectionChangedListener.selectionChanged(ApexCodeEditor.java:598)
	at org.eclipse.jface.text.TextViewer.firePostSelectionChanged(TextViewer.java:2749)
	at org.eclipse.jface.text.TextViewer.firePostSelectionChanged(TextViewer.java:2697)
	at org.eclipse.jface.text.TextViewer$5.run(TextViewer.java:2676)
	at org.eclipse.swt.widgets.Display.runTimer(Display.java:4266)
	at org.eclipse.swt.widgets.Display.messageProc(Display.java:3353)
	at org.eclipse.swt.internal.win32.OS.DispatchMessageW(Native Method)
	at org.eclipse.swt.internal.win32.OS.DispatchMessage(OS.java:2530)
	at org.eclipse.swt.widgets.Display.readAndDispatch(Display.java:3752)
	at org.eclipse.ui.internal.Workbench.runEventLoop(Workbench.java:2696)
	at org.eclipse.ui.internal.Workbench.runUI(Workbench.java:2660)
	at org.eclipse.ui.internal.Workbench.access$4(Workbench.java:2494)
	at org.eclipse.ui.internal.Workbench$7.run(Workbench.java:674)
	at org.eclipse.core.databinding.observable.Realm.runWithDefault(Realm.java:332)
	at org.eclipse.ui.internal.Workbench.createAndRunWorkbench(Workbench.java:667)
	at org.eclipse.ui.PlatformUI.createAndRunWorkbench(PlatformUI.java:149)
	at org.eclipse.ui.internal.ide.application.IDEApplication.start(IDEApplication.java:123)
	at org.eclipse.equinox.internal.app.EclipseAppHandle.run(EclipseAppHandle.java:196)
	at org.eclipse.core.runtime.internal.adaptor.EclipseAppLauncher.runApplication(EclipseAppLauncher.java:110)
	at org.eclipse.core.runtime.internal.adaptor.EclipseAppLauncher.start(EclipseAppLauncher.java:79)
	at org.eclipse.core.runtime.adaptor.EclipseStarter.run(EclipseStarter.java:344)
	at org.eclipse.core.runtime.adaptor.EclipseStarter.run(EclipseStarter.java:179)
	at sun.reflect.NativeMethodAccessorImpl.invoke0(Native Method)
	at sun.reflect.NativeMethodAccessorImpl.invoke(Unknown Source)
	at sun.reflect.DelegatingMethodAccessorImpl.invoke(Unknown Source)
	at java.lang.reflect.Method.invoke(Unknown Source)
	at org.eclipse.equinox.launcher.Main.invokeFramework(Main.java:622)
	at org.eclipse.equinox.launcher.Main.basicRun(Main.java:577)
	at org.eclipse.equinox.launcher.Main.run(Main.java:1410)
	at org.eclipse.equinox.launcher.Main.main(Main.java:1386)
Caused by: NoViableAltException(142@[470:16: ( methodDeclaration[c, t, m] | fieldDeclaration[c, t, m] | propertyAccessorDeclaration[c, t, m] )])
	at org.antlr.runtime.DFA.noViableAlt(DFA.java:158)
	at org.antlr.runtime.DFA.predict(DFA.java:144)
	at apex.parser.gen.ApexParser.memberDeclaration(ApexParser.java:2452)
	at apex.parser.gen.ApexParser.memberDecl(ApexParser.java:2385)
	at apex.parser.gen.ApexParser.classBodyDeclaration(ApexParser.java:1178)
	at apex.parser.gen.ApexParser.classDeclaration(ApexParser.java:561)
	at apex.parser.gen.ApexParser.typeDeclaration(ApexParser.java:397)
	at apex.parser.ApexParser.parseClass(ApexParser.java:79)
	... 36 more
 WARN [2014-11-27 18:28:52,979] (ApexCodeEditor.java:getStatementNear:789) - An error occured while parsing the AST, the last cached version of the AST is being used
apex.parser.ApexParseException: unexpected token: 'Dead'
	at apex.parser.ApexParser.parseClass(ApexParser.java:85)
	at com.salesforce.ide.ui.editors.apex.ast.IdeApexClzParser.parseClass(IdeApexClzParser.java:58)
	at com.salesforce.ide.ui.editors.apex.ast.IdeApexClzParser.parse(IdeApexClzParser.java:35)
	at com.salesforce.ide.ui.editors.apex.ApexCodeEditor.getStatementNear(ApexCodeEditor.java:786)
	at com.salesforce.ide.ui.editors.apex.ApexCodeEditor.getSourceElementAt(ApexCodeEditor.java:745)
	at com.salesforce.ide.ui.editors.apex.ApexCodeEditor.computeHighlightRangeSourceReference(ApexCodeEditor.java:741)
	at com.salesforce.ide.ui.editors.apex.ApexCodeEditor.selectionChanged(ApexCodeEditor.java:605)
	at com.salesforce.ide.ui.editors.apex.ApexCodeEditor$EditorSelectionChangedListener.selectionChanged(ApexCodeEditor.java:598)
	at org.eclipse.jface.text.TextViewer.firePostSelectionChanged(TextViewer.java:2749)
	at org.eclipse.jface.text.TextViewer.firePostSelectionChanged(TextViewer.java:2697)
	at org.eclipse.jface.text.TextViewer$5.run(TextViewer.java:2676)
	at org.eclipse.swt.widgets.Display.runTimer(Display.java:4266)
	at org.eclipse.swt.widgets.Display.messageProc(Display.java:3353)
	at org.eclipse.swt.internal.win32.OS.DispatchMessageW(Native Method)
	at org.eclipse.swt.internal.win32.OS.DispatchMessage(OS.java:2530)
	at org.eclipse.swt.widgets.Display.readAndDispatch(Display.java:3752)
	at org.eclipse.ui.internal.Workbench.runEventLoop(Workbench.java:2696)
	at org.eclipse.ui.internal.Workbench.runUI(Workbench.java:2660)
	at org.eclipse.ui.internal.Workbench.access$4(Workbench.java:2494)
	at org.eclipse.ui.internal.Workbench$7.run(Workbench.java:674)
	at org.eclipse.core.databinding.observable.Realm.runWithDefault(Realm.java:332)
	at org.eclipse.ui.internal.Workbench.createAndRunWorkbench(Workbench.java:667)
	at org.eclipse.ui.PlatformUI.createAndRunWorkbench(PlatformUI.java:149)
	at org.eclipse.ui.internal.ide.application.IDEApplication.start(IDEApplication.java:123)
	at org.eclipse.equinox.internal.app.EclipseAppHandle.run(EclipseAppHandle.java:196)
	at org.eclipse.core.runtime.internal.adaptor.EclipseAppLauncher.runApplication(EclipseAppLauncher.java:110)
	at org.eclipse.core.runtime.internal.adaptor.EclipseAppLauncher.start(EclipseAppLauncher.java:79)
	at org.eclipse.core.runtime.adaptor.EclipseStarter.run(EclipseStarter.java:344)
	at org.eclipse.core.runtime.adaptor.EclipseStarter.run(EclipseStarter.java:179)
	at sun.reflect.NativeMethodAccessorImpl.invoke0(Native Method)
	at sun.reflect.NativeMethodAccessorImpl.invoke(Unknown Source)
	at sun.reflect.DelegatingMethodAccessorImpl.invoke(Unknown Source)
	at java.lang.reflect.Method.invoke(Unknown Source)
	at org.eclipse.equinox.launcher.Main.invokeFramework(Main.java:622)
	at org.eclipse.equinox.launcher.Main.basicRun(Main.java:577)
	at org.eclipse.equinox.launcher.Main.run(Main.java:1410)
	at org.eclipse.equinox.launcher.Main.main(Main.java:1386)
Caused by: NoViableAltException(142@[470:16: ( methodDeclaration[c, t, m] | fieldDeclaration[c, t, m] | propertyAccessorDeclaration[c, t, m] )])
	at org.antlr.runtime.DFA.noViableAlt(DFA.java:158)
	at org.antlr.runtime.DFA.predict(DFA.java:144)
	at apex.parser.gen.ApexParser.memberDeclaration(ApexParser.java:2452)
	at apex.parser.gen.ApexParser.memberDecl(ApexParser.java:2385)
	at apex.parser.gen.ApexParser.classBodyDeclaration(ApexParser.java:1178)
	at apex.parser.gen.ApexParser.classDeclaration(ApexParser.java:561)
	at apex.parser.gen.ApexParser.typeDeclaration(ApexParser.java:397)
	at apex.parser.ApexParser.parseClass(ApexParser.java:79)
	... 36 more
 WARN [2014-11-27 18:32:08,954] (ProjectService.java:handleDeployResult:1909) - Save failed!
 WARN [2014-11-27 18:32:08,984] (ProjectService.java:handleRetrieveResult:2085) - Nothing to save to project - retrieve result is empty
 WARN [2014-11-27 18:54:21,742] (ComponentFactory.java:getCompositeComponentFromComponent:1093) - Unable to load existing 'classes/User_Preference.cls-meta.xml' from project - associated component's file resource is null.  Assuming new.
 WARN [2014-11-27 18:54:24,042] (ComponentFactory.java:getComponentBean:1145) - Unable to get component for id 'ExternalDataSource': Unable to get bean for id 'ExternalDataSource'
 WARN [2014-11-27 18:54:24,062] (ComponentFactory.java:getComponentBean:1145) - Unable to get component for id 'SamlSsoConfig': Unable to get bean for id 'SamlSsoConfig'
 WARN [2014-11-27 18:58:59,290] (ComponentFactory.java:getCompositeComponentFromComponent:1093) - Unable to load existing 'classes/User_Activity.cls-meta.xml' from project - associated component's file resource is null.  Assuming new.
 WARN [2014-11-27 18:59:00,161] (ComponentFactory.java:getComponentBean:1145) - Unable to get component for id 'ExternalDataSource': Unable to get bean for id 'ExternalDataSource'
 WARN [2014-11-27 18:59:00,181] (ComponentFactory.java:getComponentBean:1145) - Unable to get component for id 'SamlSsoConfig': Unable to get bean for id 'SamlSsoConfig'
 WARN [2014-11-27 19:00:41,996] (ApexCodeEditor.java:getStatementNear:789) - An error occured while parsing the AST, the last cached version of the AST is being used
apex.parser.ApexParseException: unexpected token: 'ID'
	at apex.parser.ApexParser.parseClass(ApexParser.java:85)
	at com.salesforce.ide.ui.editors.apex.ast.IdeApexClzParser.parseClass(IdeApexClzParser.java:58)
	at com.salesforce.ide.ui.editors.apex.ast.IdeApexClzParser.parse(IdeApexClzParser.java:35)
	at com.salesforce.ide.ui.editors.apex.ApexCodeEditor.getStatementNear(ApexCodeEditor.java:786)
	at com.salesforce.ide.ui.editors.apex.ApexCodeEditor.getSourceElementAt(ApexCodeEditor.java:745)
	at com.salesforce.ide.ui.editors.apex.ApexCodeEditor.computeHighlightRangeSourceReference(ApexCodeEditor.java:741)
	at com.salesforce.ide.ui.editors.apex.ApexCodeEditor.selectionChanged(ApexCodeEditor.java:605)
	at com.salesforce.ide.ui.editors.apex.ApexCodeEditor$EditorSelectionChangedListener.selectionChanged(ApexCodeEditor.java:598)
	at org.eclipse.jface.text.TextViewer.firePostSelectionChanged(TextViewer.java:2749)
	at org.eclipse.jface.text.TextViewer.firePostSelectionChanged(TextViewer.java:2697)
	at org.eclipse.jface.text.TextViewer$5.run(TextViewer.java:2676)
	at org.eclipse.swt.widgets.Display.runTimer(Display.java:4266)
	at org.eclipse.swt.widgets.Display.messageProc(Display.java:3353)
	at org.eclipse.swt.internal.win32.OS.DispatchMessageW(Native Method)
	at org.eclipse.swt.internal.win32.OS.DispatchMessage(OS.java:2530)
	at org.eclipse.swt.widgets.Display.readAndDispatch(Display.java:3752)
	at org.eclipse.ui.internal.Workbench.runEventLoop(Workbench.java:2696)
	at org.eclipse.ui.internal.Workbench.runUI(Workbench.java:2660)
	at org.eclipse.ui.internal.Workbench.access$4(Workbench.java:2494)
	at org.eclipse.ui.internal.Workbench$7.run(Workbench.java:674)
	at org.eclipse.core.databinding.observable.Realm.runWithDefault(Realm.java:332)
	at org.eclipse.ui.internal.Workbench.createAndRunWorkbench(Workbench.java:667)
	at org.eclipse.ui.PlatformUI.createAndRunWorkbench(PlatformUI.java:149)
	at org.eclipse.ui.internal.ide.application.IDEApplication.start(IDEApplication.java:123)
	at org.eclipse.equinox.internal.app.EclipseAppHandle.run(EclipseAppHandle.java:196)
	at org.eclipse.core.runtime.internal.adaptor.EclipseAppLauncher.runApplication(EclipseAppLauncher.java:110)
	at org.eclipse.core.runtime.internal.adaptor.EclipseAppLauncher.start(EclipseAppLauncher.java:79)
	at org.eclipse.core.runtime.adaptor.EclipseStarter.run(EclipseStarter.java:344)
	at org.eclipse.core.runtime.adaptor.EclipseStarter.run(EclipseStarter.java:179)
	at sun.reflect.NativeMethodAccessorImpl.invoke0(Native Method)
	at sun.reflect.NativeMethodAccessorImpl.invoke(Unknown Source)
	at sun.reflect.DelegatingMethodAccessorImpl.invoke(Unknown Source)
	at java.lang.reflect.Method.invoke(Unknown Source)
	at org.eclipse.equinox.launcher.Main.invokeFramework(Main.java:622)
	at org.eclipse.equinox.launcher.Main.basicRun(Main.java:577)
	at org.eclipse.equinox.launcher.Main.run(Main.java:1410)
	at org.eclipse.equinox.launcher.Main.main(Main.java:1386)
Caused by: NoViableAltException(142@[470:16: ( methodDeclaration[c, t, m] | fieldDeclaration[c, t, m] | propertyAccessorDeclaration[c, t, m] )])
	at org.antlr.runtime.DFA.noViableAlt(DFA.java:158)
	at org.antlr.runtime.DFA.predict(DFA.java:144)
	at apex.parser.gen.ApexParser.memberDeclaration(ApexParser.java:2452)
	at apex.parser.gen.ApexParser.memberDecl(ApexParser.java:2385)
	at apex.parser.gen.ApexParser.classBodyDeclaration(ApexParser.java:1178)
	at apex.parser.gen.ApexParser.classDeclaration(ApexParser.java:561)
	at apex.parser.gen.ApexParser.typeDeclaration(ApexParser.java:397)
	at apex.parser.ApexParser.parseClass(ApexParser.java:79)
	... 36 more
 WARN [2014-11-27 19:04:11,775] (ComponentFactory.java:getCompositeComponentFromComponent:1093) - Unable to load existing 'classes/Grouping.cls-meta.xml' from project - associated component's file resource is null.  Assuming new.
 WARN [2014-11-27 19:04:12,756] (ComponentFactory.java:getComponentBean:1145) - Unable to get component for id 'ExternalDataSource': Unable to get bean for id 'ExternalDataSource'
 WARN [2014-11-27 19:04:12,776] (ComponentFactory.java:getComponentBean:1145) - Unable to get component for id 'SamlSsoConfig': Unable to get bean for id 'SamlSsoConfig'
 WARN [2014-11-27 19:25:32,751] (ComponentFactory.java:getCompositeComponentFromComponent:1093) - Unable to load existing 'classes/Filter.cls-meta.xml' from project - associated component's file resource is null.  Assuming new.
 WARN [2014-11-27 19:25:33,842] (ComponentFactory.java:getComponentBean:1145) - Unable to get component for id 'ExternalDataSource': Unable to get bean for id 'ExternalDataSource'
 WARN [2014-11-27 19:25:33,852] (ComponentFactory.java:getComponentBean:1145) - Unable to get component for id 'SamlSsoConfig': Unable to get bean for id 'SamlSsoConfig'
 WARN [2014-11-27 19:37:23,263] (ServicePreProcessorAspect.java:sameNamedPackageCheck:71) - Found packages of the same name: 'ClientSuccess'
 WARN [2014-11-27 19:37:47,727] (ComponentFactory.java:getComponentByFilePath:613) - No id found for filepath 'modules/ClientSuccess_oauth/ConnectivityDevConfigs/ClientSuccess_oauth_devConfig.ConnectivityDevConfig', tagging as component of type 'Unknown'
 WARN [2014-11-27 19:37:47,737] (ComponentFactory.java:getComponentByFilePath:613) - No id found for filepath 'modules/ClientSuccess_oauth/modules/ClientSuccess__ClientSuccess_oauth', tagging as component of type 'Unknown'
ERROR [2014-11-27 19:37:47,747] (ProjectPackageList.java:generateComponents:473) - Filepath-zip mapping is null or empty for package 'ClientSuccess' [0A3o00000008ztECAQ] - skipping component generation
ERROR [2014-11-27 19:37:47,747] (ProjectPackageList.java:generateComponents:473) - Filepath-zip mapping is null or empty for package 'ClientSuccess' [0A3o00000008ztFCAQ] - skipping component generation
 WARN [2014-11-27 19:37:47,757] (ComponentFactory.java:getComponentByFilePath:613) - No id found for filepath 'modules/ClientSuccess_oauth_c4s/Canvases/ClientSuccess_oauth_c4sCanvas.Canvas', tagging as component of type 'Unknown'
 WARN [2014-11-27 19:37:47,757] (ComponentFactory.java:getComponentByFilePath:613) - No id found for filepath 'modules/ClientSuccess_oauth_c4s/modules/ClientSuccess__ClientSuccess_oauth_c4s', tagging as component of type 'Unknown'
 WARN [2014-11-27 19:37:47,757] (ComponentFactory.java:getComponentByFilePath:613) - No id found for filepath 'modules/Dataloader_Bulk_oauth/ConnectivityDevConfigs/Dataloader_Bulk_oauth_devConfig.ConnectivityDevConfig', tagging as component of type 'Unknown'
 WARN [2014-11-27 19:37:47,767] (ComponentFactory.java:getComponentByFilePath:613) - No id found for filepath 'modules/Dataloader_Bulk_oauth/modules/sf_com_apps__Dataloader_Bulk_oauth', tagging as component of type 'Unknown'
 WARN [2014-11-27 19:37:47,767] (ComponentFactory.java:getComponentByFilePath:613) - No id found for filepath 'applicationManifests/Dataloader_Bulk', tagging as component of type 'Unknown'
 WARN [2014-11-27 19:37:47,767] (ComponentFactory.java:getComponentByFilePath:613) - No id found for filepath 'modules/Dataloader_P5r_oauth/ConnectivityDevConfigs/Dataloader_P5r_oauth_devConfig.ConnectivityDevConfig', tagging as component of type 'Unknown'
 WARN [2014-11-27 19:37:47,777] (ComponentFactory.java:getComponentByFilePath:613) - No id found for filepath 'modules/Dataloader_P5r_oauth/modules/sf_com_apps__Dataloader_P5r_oauth', tagging as component of type 'Unknown'
 WARN [2014-11-27 19:37:47,777] (ComponentFactory.java:getComponentByFilePath:613) - No id found for filepath 'applicationManifests/Dataloader_Partner', tagging as component of type 'Unknown'
 WARN [2014-11-27 19:37:47,777] (ComponentFactory.java:getComponentByFilePath:613) - No id found for filepath 'modules/Forcecom_IDE_oauth/ConnectivityDevConfigs/Forcecom_IDE_oauth_devConfig.ConnectivityDevConfig', tagging as component of type 'Unknown'
 WARN [2014-11-27 19:37:47,787] (ComponentFactory.java:getComponentByFilePath:613) - No id found for filepath 'modules/Forcecom_IDE_oauth/modules/sf_com_apps__Forcecom_IDE_oauth', tagging as component of type 'Unknown'
 WARN [2014-11-27 19:37:47,797] (ComponentFactory.java:getComponentByFilePath:613) - No id found for filepath 'applicationManifests/Forcecom_IDE', tagging as component of type 'Unknown'
 WARN [2014-11-27 19:37:47,797] (ComponentFactory.java:getComponentByFilePath:613) - No id found for filepath 'modules/Forcecom_Migration_Tool_oauth/ConnectivityDevConfigs/Forcecom_Migration_Tool_oauth_devConfig.ConnectivityDevConfig', tagging as component of type 'Unknown'
 WARN [2014-11-27 19:37:47,797] (ComponentFactory.java:getComponentByFilePath:613) - No id found for filepath 'modules/Forcecom_Migration_Tool_oauth/modules/sf_com_apps__Forcecom_Migration_Tool_oauth', tagging as component of type 'Unknown'
 WARN [2014-11-27 19:37:47,836] (ComponentFactory.java:getComponentByFilePath:613) - No id found for filepath 'applicationManifests/Forcecom_Migration_Tool', tagging as component of type 'Unknown'
 WARN [2014-11-27 19:37:47,839] (ComponentFactory.java:getComponentByFilePath:613) - No id found for filepath 'modules/S8e_M4e_Dashboards_oauth/ConnectivityDevConfigs/S8e_M4e_Dashboards_oauth_devConfig.ConnectivityDevConfig', tagging as component of type 'Unknown'
 WARN [2014-11-27 19:37:47,842] (ComponentFactory.java:getComponentByFilePath:613) - No id found for filepath 'modules/S8e_M4e_Dashboards_oauth/modules/sf_com_apps__S8e_M4e_Dashboards_oauth', tagging as component of type 'Unknown'
 WARN [2014-11-27 19:37:47,845] (ComponentFactory.java:getComponentByFilePath:613) - No id found for filepath 'applicationManifests/Salesforce_Mobile_Dashboards', tagging as component of type 'Unknown'
 WARN [2014-11-27 19:37:47,848] (ComponentFactory.java:getComponentByFilePath:613) - No id found for filepath 'modules/S8e_T3h_oauth/ConnectivityDevConfigs/S8e_T3h_oauth_devConfig.ConnectivityDevConfig', tagging as component of type 'Unknown'
 WARN [2014-11-27 19:37:47,852] (ComponentFactory.java:getComponentByFilePath:613) - No id found for filepath 'modules/S8e_T3h_oauth/modules/sf_com_apps__S8e_T3h_oauth', tagging as component of type 'Unknown'
 WARN [2014-11-27 19:37:47,855] (ComponentFactory.java:getComponentByFilePath:613) - No id found for filepath 'applicationManifests/Salesforce_Touch', tagging as component of type 'Unknown'
 WARN [2014-11-27 19:37:47,859] (ComponentFactory.java:getComponentByFilePath:613) - No id found for filepath 'modules/S8e_for_Outlook_oauth/ConnectivityDevConfigs/S8e_for_Outlook_oauth_devConfig.ConnectivityDevConfig', tagging as component of type 'Unknown'
 WARN [2014-11-27 19:37:47,862] (ComponentFactory.java:getComponentByFilePath:613) - No id found for filepath 'modules/S8e_for_Outlook_oauth/modules/sf_com_apps__S8e_for_Outlook_oauth', tagging as component of type 'Unknown'
 WARN [2014-11-27 19:37:47,866] (ComponentFactory.java:getComponentByFilePath:613) - No id found for filepath 'applicationManifests/Salesforce_for_Outlook', tagging as component of type 'Unknown'
 WARN [2014-11-27 19:37:47,869] (ComponentFactory.java:getComponentByFilePath:613) - No id found for filepath 'modules/Workbench_oauth/ConnectivityDevConfigs/Workbench_oauth_devConfig.ConnectivityDevConfig', tagging as component of type 'Unknown'
 WARN [2014-11-27 19:37:47,873] (ComponentFactory.java:getComponentByFilePath:613) - No id found for filepath 'modules/Workbench_oauth/modules/sf_com_apps__Workbench_oauth', tagging as component of type 'Unknown'
 WARN [2014-11-27 19:37:47,876] (ComponentFactory.java:getComponentByFilePath:613) - No id found for filepath 'applicationManifests/Workbench', tagging as component of type 'Unknown'
ERROR [2014-11-27 19:37:47,879] (ProjectPackageList.java:generateComponents:473) - Filepath-zip mapping is null or empty for package 'Salesforce Connected Apps' [0A3o00000008sPTCAY] - skipping component generation
 WARN [2014-11-27 19:37:48,233] (ProjectPackageList.java:saveResources:1153) - Component list in project package 'ClientSuccess' is empty.  No resources to save.
 WARN [2014-11-27 19:37:48,233] (ProjectPackageList.java:saveResources:1153) - Component list in project package 'ClientSuccess' is empty.  No resources to save.
 WARN [2014-11-27 19:37:48,699] (ProjectPackageList.java:saveResources:1153) - Component list in project package 'Salesforce Connected Apps' is empty.  No resources to save.
 WARN [2014-11-27 19:39:15,333] (ConnectionFactory.java:clearCache:212) - Clearing the following cached connections
 WARN [2014-11-27 19:39:15,333] (DescribeObjectRegistry.java:clearCache:657) - Clearing cached describes
 WARN [2014-11-27 19:39:15,333] (MetadataFactory.java:clearCache:123) - Clearing the following cached metadata stubs
